2025-11-16 13:51:46.481 [info] [main] Log level: Info
2025-11-16 13:51:46.481 [info] [main] Validating found git in: "git"
2025-11-16 13:51:46.481 [info] [main] Using git "2.43.0" from "git"
2025-11-16 13:51:46.481 [info] [Model][doInitialScan] Initial repository scan started
2025-11-16 13:51:46.481 [info] > git rev-parse --show-toplevel [3ms]
2025-11-16 13:51:46.481 [info] fatal: not a git repository (or any parent up to mount point /)
Stopping at filesystem boundary (GIT_DISCOVERY_ACROSS_FILESYSTEM not set).
2025-11-16 13:51:46.481 [info] > git rev-parse --show-toplevel [2ms]
2025-11-16 13:51:46.481 [info] fatal: not a git repository (or any parent up to mount point /)
Stopping at filesystem boundary (GIT_DISCOVERY_ACROSS_FILESYSTEM not set).
2025-11-16 13:51:46.481 [info] > git rev-parse --show-toplevel [2ms]
2025-11-16 13:51:46.481 [info] fatal: not a git repository (or any parent up to mount point /)
Stopping at filesystem boundary (GIT_DISCOVERY_ACROSS_FILESYSTEM not set).
2025-11-16 13:51:46.481 [info] > git rev-parse --show-toplevel [3ms]
2025-11-16 13:51:46.481 [info] fatal: not a git repository (or any parent up to mount point /)
Stopping at filesystem boundary (GIT_DISCOVERY_ACROSS_FILESYSTEM not set).
2025-11-16 13:51:46.481 [info] > git rev-parse --show-toplevel [9ms]
2025-11-16 13:51:46.481 [info] fatal: not a git repository (or any parent up to mount point /)
Stopping at filesystem boundary (GIT_DISCOVERY_ACROSS_FILESYSTEM not set).
2025-11-16 13:51:46.481 [info] > git rev-parse --show-toplevel [2ms]
2025-11-16 13:51:46.481 [info] fatal: not a git repository (or any parent up to mount point /)
Stopping at filesystem boundary (GIT_DISCOVERY_ACROSS_FILESYSTEM not set).
2025-11-16 13:51:46.481 [info] > git rev-parse --show-toplevel [2ms]
2025-11-16 13:51:46.481 [info] fatal: not a git repository (or any parent up to mount point /)
Stopping at filesystem boundary (GIT_DISCOVERY_ACROSS_FILESYSTEM not set).
2025-11-16 13:51:46.481 [info] > git rev-parse --show-toplevel [2ms]
2025-11-16 13:51:46.481 [info] fatal: not a git repository (or any parent up to mount point /)
Stopping at filesystem boundary (GIT_DISCOVERY_ACROSS_FILESYSTEM not set).
2025-11-16 13:51:46.481 [info] [Model][doInitialScan] Initial repository scan completed - repositories (0), closed repositories (0), parent repositories (0), unsafe repositories (0)
2025-11-16 13:52:05.867 [info] > git rev-parse --show-toplevel [9ms]
2025-11-16 13:52:05.868 [info] fatal: not a git repository (or any parent up to mount point /)
Stopping at filesystem boundary (GIT_DISCOVERY_ACROSS_FILESYSTEM not set).
2025-11-16 13:52:07.372 [info] > git rev-parse --show-toplevel [13ms]
2025-11-16 13:52:07.372 [info] fatal: not a git repository (or any parent up to mount point /)
Stopping at filesystem boundary (GIT_DISCOVERY_ACROSS_FILESYSTEM not set).
2025-11-16 13:52:12.129 [info] > git rev-parse --show-toplevel [5ms]
2025-11-16 13:52:12.129 [info] fatal: not a git repository (or any parent up to mount point /)
Stopping at filesystem boundary (GIT_DISCOVERY_ACROSS_FILESYSTEM not set).
2025-11-16 13:52:36.185 [info] > git rev-parse --show-toplevel [4ms]
2025-11-16 13:52:36.185 [info] fatal: not a git repository (or any parent up to mount point /)
Stopping at filesystem boundary (GIT_DISCOVERY_ACROSS_FILESYSTEM not set).
2025-11-16 13:53:47.575 [info] > git rev-parse --show-toplevel [2ms]
2025-11-16 13:53:47.614 [info] > git rev-parse --git-dir --git-common-dir --show-superproject-working-tree [29ms]
2025-11-16 13:53:47.632 [info] [Model][openRepository] Opened repository (path): /home/shresta333
2025-11-16 13:53:47.633 [info] [Model][openRepository] Opened repository (real path): /home/shresta333
2025-11-16 13:53:47.633 [info] [Model][openRepository] Opened repository (kind): repository
2025-11-16 13:53:47.646 [info] [Git][getRemotes] No remotes found in the git config file
2025-11-16 13:53:47.656 [info] > git config --get commit.template [11ms]
2025-11-16 13:53:47.658 [info] > git for-each-ref --format=%(refname)%00%(upstream:short)%00%(objectname)%00%(upstream:track)%00%(upstream:remotename)%00%(upstream:remoteref) refs/heads/master refs/remotes/master [4ms]
2025-11-16 13:53:47.658 [warning] [Git][getBranch] No such branch: master
2025-11-16 13:53:47.681 [info] > git status -z -uall [14ms]
2025-11-16 13:53:47.685 [info] > git for-each-ref --sort -committerdate --format %(refname)%00%(objectname)%00%(*objectname) [6ms]
2025-11-16 13:53:47.717 [info] > git for-each-ref --format=%(refname)%00%(upstream:short)%00%(objectname)%00%(upstream:track)%00%(upstream:remotename)%00%(upstream:remoteref) refs/heads/master refs/remotes/master [15ms]
2025-11-16 13:53:47.717 [warning] [Git][getBranch] No such branch: master
2025-11-16 13:53:47.718 [error] [GitHistoryProvider][resolveHEADMergeBase] Failed to resolve merge base for master: Error: No such branch: master.
2025-11-16 13:53:47.720 [info] > git config --get commit.template [4ms]
2025-11-16 13:53:47.721 [info] [Git][getRemotes] No remotes found in the git config file
2025-11-16 13:53:47.756 [info] > git for-each-ref --format=%(refname)%00%(upstream:short)%00%(objectname)%00%(upstream:track)%00%(upstream:remotename)%00%(upstream:remoteref) refs/heads/master refs/remotes/master [28ms]
2025-11-16 13:53:47.756 [warning] [Git][getBranch] No such branch: master
2025-11-16 13:53:47.776 [info] > git status -z -uall [12ms]
2025-11-16 13:53:47.777 [info] > git for-each-ref --sort -committerdate --format %(refname)%00%(objectname)%00%(*objectname) [3ms]
2025-11-16 13:53:48.360 [info] > git check-ignore -v -z --stdin [2ms]
